2023-09-16 15:57:41,127 - Url opened
2023-09-16 15:57:41,664 - USername is set
2023-09-16 15:57:41,926 - Password is set
2023-09-16 15:57:46,960 - loginButton clicked
2023-09-16 15:57:47,007 - Test Case PAssed
2023-09-16 16:07:06,406 - Url opened
2023-09-16 16:09:17,955 - Url opened
2023-09-16 16:09:18,598 - USername is set
2023-09-16 16:09:18,893 - Password is set
2023-09-16 16:09:25,437 - loginButton clicked
2023-09-16 16:09:25,479 - Test Case PAssed
2023-09-16 16:30:08,077 - Test Case PAssed
2023-09-16 16:48:04,720 - Test Case PAssed
2023-09-16 16:53:45,366 - Url opened
2023-09-16 16:53:46,093 - USername is set
2023-09-16 16:53:46,439 - Password is set
2023-09-16 16:57:36,854 - Url opened
2023-09-16 16:57:37,452 - USername is set
2023-09-16 16:57:37,774 - Password is set
2023-09-16 16:57:41,826 - loginButton clicked
2023-09-16 16:57:41,888 - Test Case PAssed
